<?xml version="1.0" encoding="UTF-8" ?>
<testsuite tests="5" failures="0" name="dbfacade.CustomerFacadeTest" time="0.333" errors="0" skipped="0">
  <properties>
[...]
</properties>
  <testcase classname="dbfacade.CustomerFacadeTest" name="dbfacade.CustomerFacadeTest.testFindByLastName" time="0.25"/>
  <testcase classname="dbfacade.CustomerFacadeTest" name="dbfacade.CustomerFacadeTest.testGetNumberOfCustomers" time="0.014"/>
  <testcase classname="dbfacade.CustomerFacadeTest" name="dbfacade.CustomerFacadeTest.testAddCustomer" time="0.049"/>
  <testcase classname="dbfacade.CustomerFacadeTest" name="dbfacade.CustomerFacadeTest.testFindByID" time="0.014"/>
  <testcase classname="dbfacade.CustomerFacadeTest" name="dbfacade.CustomerFacadeTest.testAllCustomers" time="0.006"/>
</testsuite>